<?xml version="1.0" encoding="UTF-8"?>
<!-- Generated by org.testng.reporters.JUnitXMLReporter -->
<testsuite ignored="0" hostname="Sathwik" failures="0" tests="5" name="Default test" time="28.628" errors="0" timestamp="2022-12-08T23:38:19 EST">
  <testcase classname="assignment2.demologin" name="test1" time="1.262"/>
  <testcase classname="assignment2.demologin" name="test1" time="1.418"/>
  <testcase classname="assignment2.demologin" name="test1" time="1.426"/>
  <testcase classname="assignment2.demologin" name="test1" time="1.348"/>
  <testcase classname="assignment2.demologin" name="test1" time="1.627"/>
</testsuite> <!-- Default test -->
