<?xml version="1.0" encoding="UTF-8"?>
<!-- Generated by org.testng.reporters.JUnitXMLReporter -->
<testsuite ignored="0" hostname="Sathwik" failures="0" tests="5" name="Default test" time="54.045" errors="0" timestamp="2022-12-06T08:27:53 EST">
  <testcase classname="testngPrograms.secondprogram" name="demo1" time="2.287"/>
  <testcase classname="testngPrograms.secondprogram" name="demo2" time="2.33"/>
  <testcase classname="testngPrograms.secondprogram" name="demo3" time="2.326"/>
  <testcase classname="testngPrograms.secondprogram" name="demo4" time="2.369"/>
  <testcase classname="testngPrograms.secondprogram" name="demo5" time="2.433"/>
</testsuite> <!-- Default test -->
