<?xml version="1.0" encoding="UTF-8"?>
<!-- Generated by org.testng.reporters.JUnitXMLReporter -->
<testsuite ignored="24" hostname="Sathwik" failures="0" tests="6" name="Test" time="0.115" errors="0" timestamp="2022-12-08T07:52:26 EST">
  <testcase classname="assignment1.asgnmntprogram3" name="sop29" time="0.015"/>
  <testcase classname="assignment1.asgnmntprogram3" name="sop30" time="0.002"/>
  <testcase classname="assignment1.asgnmntprogram2" name="sop14" time="0.002"/>
  <testcase classname="assignment1.asgnmntprogram2" name="sop15" time="0.003"/>
  <testcase classname="assignment1.asgnmntprogram1" name="sop1" time="0.002"/>
  <testcase classname="assignment1.asgnmntprogram1" name="sop2" time="0.001"/>
  <testcase classname="assignment1.asgnmntprogram1" name="sop3" time="0.0">
    <ignored/>
  </testcase> <!-- sop3 -->
  <testcase classname="assignment1.asgnmntprogram3" name="sop21" time="0.0">
    <ignored/>
  </testcase> <!-- sop21 -->
  <testcase classname="assignment1.asgnmntprogram2" name="sop20" time="0.0">
    <ignored/>
  </testcase> <!-- sop20 -->
  <testcase classname="assignment1.asgnmntprogram3" name="sop22" time="0.0">
    <ignored/>
  </testcase> <!-- sop22 -->
  <testcase classname="assignment1.asgnmntprogram2" name="sop12" time="0.0">
    <ignored/>
  </testcase> <!-- sop12 -->
  <testcase classname="assignment1.asgnmntprogram1" name="sop9" time="0.0">
    <ignored/>
  </testcase> <!-- sop9 -->
  <testcase classname="assignment1.asgnmntprogram3" name="sop23" time="0.0">
    <ignored/>
  </testcase> <!-- sop23 -->
  <testcase classname="assignment1.asgnmntprogram2" name="sop11" time="0.0">
    <ignored/>
  </testcase> <!-- sop11 -->
  <testcase classname="assignment1.asgnmntprogram3" name="sop24" time="0.0">
    <ignored/>
  </testcase> <!-- sop24 -->
  <testcase classname="assignment1.asgnmntprogram1" name="sop10" time="0.0">
    <ignored/>
  </testcase> <!-- sop10 -->
  <testcase classname="assignment1.asgnmntprogram2" name="sop17" time="0.0">
    <ignored/>
  </testcase> <!-- sop17 -->
  <testcase classname="assignment1.asgnmntprogram1" name="sop6" time="0.0">
    <ignored/>
  </testcase> <!-- sop6 -->
  <testcase classname="assignment1.asgnmntprogram2" name="sop19" time="0.0">
    <ignored/>
  </testcase> <!-- sop19 -->
  <testcase classname="assignment1.asgnmntprogram1" name="sop4" time="0.0">
    <ignored/>
  </testcase> <!-- sop4 -->
  <testcase classname="assignment1.asgnmntprogram1" name="sop7" time="0.0">
    <ignored/>
  </testcase> <!-- sop7 -->
  <testcase classname="assignment1.asgnmntprogram3" name="sop25" time="0.0">
    <ignored/>
  </testcase> <!-- sop25 -->
  <testcase classname="assignment1.asgnmntprogram2" name="sop13" time="0.0">
    <ignored/>
  </testcase> <!-- sop13 -->
  <testcase classname="assignment1.asgnmntprogram3" name="sop26" time="0.0">
    <ignored/>
  </testcase> <!-- sop26 -->
  <testcase classname="assignment1.asgnmntprogram2" name="sop16" time="0.0">
    <ignored/>
  </testcase> <!-- sop16 -->
  <testcase classname="assignment1.asgnmntprogram1" name="sop5" time="0.0">
    <ignored/>
  </testcase> <!-- sop5 -->
  <testcase classname="assignment1.asgnmntprogram3" name="sop27" time="0.0">
    <ignored/>
  </testcase> <!-- sop27 -->
  <testcase classname="assignment1.asgnmntprogram1" name="sop8" time="0.0">
    <ignored/>
  </testcase> <!-- sop8 -->
  <testcase classname="assignment1.asgnmntprogram3" name="sop28" time="0.0">
    <ignored/>
  </testcase> <!-- sop28 -->
  <testcase classname="assignment1.asgnmntprogram2" name="sop18" time="0.0">
    <ignored/>
  </testcase> <!-- sop18 -->
</testsuite> <!-- Test -->
